c:\users\julyfire\desktop\university\遥感数字图像处理\第2章_数字图像存储\code\imageprocess\problem3-1\x64\debug\vc142.pdb
c:\users\julyfire\desktop\university\遥感数字图像处理\第2章_数字图像存储\code\imageprocess\problem3-1\x64\debug\vc142.idb
c:\users\julyfire\desktop\university\遥感数字图像处理\第2章_数字图像存储\code\imageprocess\problem3-1\x64\debug\main.nativecodeanalysis.sarif
c:\users\julyfire\desktop\university\遥感数字图像处理\第2章_数字图像存储\code\imageprocess\problem3-1\x64\debug\main.nativecodeanalysis.xml
c:\users\julyfire\desktop\university\遥感数字图像处理\第2章_数字图像存储\code\imageprocess\problem3-1\x64\debug\main.obj
c:\users\julyfire\desktop\university\遥感数字图像处理\imageprocess\problem3-1\x64\debug\vc142.pdb
c:\users\julyfire\desktop\university\遥感数字图像处理\imageprocess\problem3-1\x64\debug\vc142.idb
c:\users\julyfire\desktop\university\遥感数字图像处理\imageprocess\problem3-1\x64\debug\main.obj
c:\users\julyfire\desktop\university\遥感数字图像处理\第2章_数字图像存储\code\imageprocess\x64\debug\problem3-1.ilk
c:\users\julyfire\desktop\university\遥感数字图像处理\第2章_数字图像存储\code\imageprocess\x64\debug\problem3-1.exe
c:\users\julyfire\desktop\university\遥感数字图像处理\第2章_数字图像存储\code\imageprocess\x64\debug\problem3-1.pdb
c:\users\julyfire\desktop\university\遥感数字图像处理\imageprocess\x64\debug\problem3-1.exe
c:\users\julyfire\desktop\university\遥感数字图像处理\imageprocess\x64\debug\problem3-1.ilk
c:\users\julyfire\desktop\university\遥感数字图像处理\imageprocess\x64\debug\problem3-1.pdb
c:\users\julyfire\desktop\university\遥感数字图像处理\imageprocess\problem3-1\x64\debug\nativecodeanalysis.read.1.tlog
c:\users\julyfire\desktop\university\遥感数字图像处理\imageprocess\problem3-1\x64\debug\main.nativecodeanalysis.xml
c:\users\julyfire\desktop\university\遥感数字图像处理\imageprocess\problem3-1\x64\debug\vc.nativecodeanalysis.all.xml
c:\users\julyfire\desktop\university\遥感数字图像处理\imageprocess\problem3-1\x64\debug\problem3-1.tlog\cl.command.1.tlog
c:\users\julyfire\desktop\university\遥感数字图像处理\imageprocess\problem3-1\x64\debug\problem3-1.tlog\cl.read.1.tlog
c:\users\julyfire\desktop\university\遥感数字图像处理\imageprocess\problem3-1\x64\debug\problem3-1.tlog\cl.write.1.tlog
c:\users\julyfire\desktop\university\遥感数字图像处理\imageprocess\problem3-1\x64\debug\problem3-1.tlog\link.command.1.tlog
c:\users\julyfire\desktop\university\遥感数字图像处理\imageprocess\problem3-1\x64\debug\problem3-1.tlog\link.read.1.tlog
c:\users\julyfire\desktop\university\遥感数字图像处理\imageprocess\problem3-1\x64\debug\problem3-1.tlog\link.write.1.tlog
