  源.cpp
C:\Users\julyfire\Desktop\遥感数字图像处理\ImageProcess\Problem5-1\源.cpp(82,17): warning C4244: “=”: 从“double”转换到“_Tp”，可能丢失数据
          with
          [
              _Tp=float
          ]
C:\Users\julyfire\Desktop\遥感数字图像处理\ImageProcess\Problem5-1\源.cpp(103,30): warning C4244: “参数”: 从“double”转换到“Eigen::Index”，可能丢失数据
C:\Users\julyfire\Desktop\遥感数字图像处理\ImageProcess\Problem5-1\源.cpp(148,20): warning C4244: “return”: 从“double”转换到“float”，可能丢失数据
C:\Users\julyfire\Desktop\遥感数字图像处理\ImageProcess\Problem5-1\源.cpp(151,19): warning C4244: “return”: 从“double”转换到“float”，可能丢失数据
C:\Users\julyfire\Desktop\遥感数字图像处理\ImageProcess\Problem5-1\源.cpp(154,19): warning C4244: “return”: 从“double”转换到“float”，可能丢失数据
C:\Users\julyfire\Desktop\遥感数字图像处理\ImageProcess\Problem5-1\源.cpp(157,23): warning C4244: “return”: 从“double”转换到“float”，可能丢失数据
C:\Users\julyfire\Desktop\遥感数字图像处理\ImageProcess\Problem5-1\源.cpp(164,28): warning C4305: “return”: 从“double”到“float”截断
C:\Users\julyfire\Desktop\遥感数字图像处理\ImageProcess\Problem5-1\源.cpp(167,32): warning C4305: “return”: 从“double”到“float”截断
C:\Users\julyfire\Desktop\遥感数字图像处理\ImageProcess\Problem5-1\源.cpp(172,22): warning C4305: “return”: 从“double”到“float”截断
C:\Users\julyfire\Desktop\遥感数字图像处理\ImageProcess\Problem5-1\源.cpp(195,84): warning C4244: “=”: 从“double”转换到“_Tp”，可能丢失数据
          with
          [
              _Tp=float
          ]
C:\Users\julyfire\Desktop\遥感数字图像处理\ImageProcess\Problem5-1\源.cpp(178): warning C4715: “getAngle”: 不是所有的控件路径都返回值
C:\Users\julyfire\Desktop\遥感数字图像处理\ImageProcess\Problem5-1\MyImageProcessLib.h(83): warning C4715: “readMultiSpectralImage”: 不是所有的控件路径都返回值
  Problem5-1.vcxproj -> C:\Users\julyfire\Desktop\遥感数字图像处理\ImageProcess\x64\Debug\Problem5-1.exe
